-------------------------------------------------------------------------------
Test set: com.testfm.runner.CucumberRunnerTest
-------------------------------------------------------------------------------
Tests run: 7, Failures: 1, Errors: 0, Skipped: 5, Time elapsed: 48.54 s <<< FAILURE! -- in com.testfm.runner.CucumberRunnerTest
Examples.Example #1.1 -- Time elapsed: 39.09 s <<< FAILURE!
org.opentest4j.AssertionFailedError: Login FAILED — Expected to land on /dashboard but current URL is: https://nycares:teamleader26@test-sfup.newyorkcares.org/user/login ==> expected: <true> but was: <false>
	at com.testfm.steps.LoginSteps.iShouldBeLoggedInAndRedirectedToTheDashboardPage(LoginSteps.java:54)
	at ✽.I should be logged in successfully and redirected to the dashboard page(classpath:features/Login.feature:13)

