<?xml version="1.0" encoding="UTF-8"?>
<testsuite xmlns:xsi="http://www.w3.org/2001/XMLSchema-instance" xsi:noNamespaceSchemaLocation="https://maven.apache.org/surefire/maven-surefire-plugin/xsd/surefire-test-report-3.0.xsd" version="3.0" name="com.testfm.runner.CucumberRunnerTest" time="25.938" tests="3" errors="0" skipped="2" failures="0">
  <properties>
[...]
</properties>
  <testcase name="Search for Selenium on Google" classname="Google Search" time="0.0">
    <skipped message="&apos;cucumber.filter.tags=@searchProjects&apos; did not match this scenario"/>
  </testcase>
  <testcase name="Successful login navigates to the dashboard" classname="New York Cares Login" time="0.0">
    <skipped message="&apos;cucumber.filter.tags=@searchProjects&apos; did not match this scenario"/>
  </testcase>
  <testcase name="Search fulltext and open Prepare Food project" classname="Search volunteer projects on New York Cares" time="25.397">
    <system-out><![CDATA[
@searchProjects
Scenario: Search fulltext and open Prepare Food project                                                   &amp#27;[90m# features/SearchProjects.feature:8&amp#27;[0m

========================================
[Hook] Starting Scenario: Search fulltext and open Prepare Food project
[Hook] Tags: [@searchProjects]
========================================
[DriverManager] Edge WebDriver initialized.
[SearchProjectsPage] Opened home: https://www.newyorkcares.org/
[Step] Navigated to New York Cares home page.
  &amp#27;[32mGiven &amp#27;[0m&amp#27;[32mI navigate to the New York Cares home page&amp#27;[0m                                                        &amp#27;[90m# com.testfm.steps.SearchGoogleSteps.iNavigateToTheNewYorkCaresHomePage()&amp#27;[0m
[SearchProjectsPage] Clicked Search Projects.
[Step] Search Projects clicked.
  &amp#27;[32mWhen &amp#27;[0m&amp#27;[32mI click the Search Projects button&amp#27;[0m                                                                 &amp#27;[90m# com.testfm.steps.SearchGoogleSteps.iClickTheSearchProjectsButton()&amp#27;[0m
[SearchProjectsPage] Submitted fulltext search: Prepare Food Indoors for Distribution
[Step] Fulltext search submitted: Prepare Food Indoors for Distribution
  &amp#27;[32mAnd &amp#27;[0m&amp#27;[32mI search for &amp#27;[0m&amp#27;[32m&amp#27;[1m"Prepare Food Indoors for Distribution"&amp#27;[0m&amp#27;[32m in the fulltext field&amp#27;[0m                          &amp#27;[90m# com.testfm.steps.SearchGoogleSteps.iSearchForInTheFulltextField(java.lang.String)&amp#27;[0m
[SearchProjectsPage] Clicked result for: Prepare Food Indoors for Distribution
  &amp#27;[32mThen &amp#27;[0m&amp#27;[32mI select the searched project &amp#27;[0m&amp#27;[32m&amp#27;[1m"Prepare Food Indoors for Distribution"&amp#27;[0m&amp#27;[32m if it appears in the results&amp#27;[0m &amp#27;[90m# com.testfm.steps.SearchGoogleSteps.iSelectTheSearchedProjectIfItAppearsInTheResults(java.lang.String)&amp#27;[0m
========================================
[Hook] Scenario: Search fulltext and open Prepare Food project
[Hook] Status:   PASSED
========================================

[DriverManager] Edge WebDriver quit.
]]></system-out>
    <system-err><![CDATA[Apr 03, 2026 11:17:14 PM org.openqa.selenium.devtools.CdpVersionFinder findNearestMatch
WARNING: Unable to find CDP implementation matching 146
Apr 03, 2026 11:17:14 PM org.openqa.selenium.chromium.ChromiumDriver lambda$new$5
WARNING: Unable to find version of CDP to use for 146.0.3856.97. You may need to include a dependency on a specific version of the CDP using something similar to `org.seleniumhq.selenium:selenium-devtools-v86:4.27.0` where the version ("v86") matches the version of the chromium-based browser you're using and the version number of the artifact is the same as Selenium's.
]]></system-err>
  </testcase>
</testsuite>