<?xml version="1.0" encoding="UTF-8"?>
<testsuite xmlns:xsi="http://www.w3.org/2001/XMLSchema-instance" xsi:noNamespaceSchemaLocation="https://maven.apache.org/surefire/maven-surefire-plugin/xsd/surefire-test-report-3.0.xsd" version="3.0" name="com.testfm.runner.CucumberRunnerTest" time="30.574" tests="9" errors="0" skipped="8" failures="0">
  <properties>
[...]
</properties>
  <testcase name="Search for Selenium on Google" classname="Google Search" time="0.0">
    <skipped message="&apos;cucumber.filter.tags=@RegisterationPage&apos; did not match this scenario"/>
  </testcase>
  <testcase name="Example #1.1" classname="Examples" time="0.0">
    <skipped message="&apos;cucumber.filter.tags=@RegisterationPage&apos; did not match this scenario"/>
  </testcase>
  <testcase name="Example #1.2" classname="Examples" time="0.0">
    <skipped message="&apos;cucumber.filter.tags=@RegisterationPage&apos; did not match this scenario"/>
  </testcase>
  <testcase name="Register a new user successfully" classname="New York Cares Registration" time="30.057">
    <system-out><![CDATA[
@test @RegisterationPage
Scenario: Register a new user successfully                 &amp#27;[90m# features/Registeration.feature:8&amp#27;[0m

========================================
[Hook] Starting Scenario: Register a new user successfully
[Hook] Tags: [@test, @RegisterationPage]
========================================
[DriverManager] Edge WebDriver initialized.
[Step] Navigated to registration page.
  &amp#27;[32mGiven &amp#27;[0m&amp#27;[32mI navigate to the New York Cares registration page&amp#27;[0m &amp#27;[90m# com.testfm.steps.RegistrationSteps.iNavigateToTheNewYorkCaresRegistrationPage()&amp#27;[0m
[Step] First name entered: TestbsYgvK
  &amp#27;[32mWhen &amp#27;[0m&amp#27;[32mI enter a first name&amp#27;[0m                                &amp#27;[90m# com.testfm.steps.RegistrationSteps.iEnterAFirstName()&amp#27;[0m
[Step] Last name entered: UserbsYgvK
  &amp#27;[32mAnd &amp#27;[0m&amp#27;[32mI enter a last name&amp#27;[0m                                  &amp#27;[90m# com.testfm.steps.RegistrationSteps.iEnterALastName()&amp#27;[0m
[Step] Phone entered: 7956363275
  &amp#27;[32mAnd &amp#27;[0m&amp#27;[32mI enter a phone number&amp#27;[0m                               &amp#27;[90m# com.testfm.steps.RegistrationSteps.iEnterAPhoneNumber()&amp#27;[0m
[Step] Email entered: test.bsygvk.1778010927810@example.com
  &amp#27;[32mAnd &amp#27;[0m&amp#27;[32mI enter a unique email&amp#27;[0m                               &amp#27;[90m# com.testfm.steps.RegistrationSteps.iEnterAUniqueEmail()&amp#27;[0m
[Step] Password entered: [PROTECTED]
  &amp#27;[32mAnd &amp#27;[0m&amp#27;[32mI enter a password and confirm it&amp#27;[0m                    &amp#27;[90m# com.testfm.steps.RegistrationSteps.iEnterAPasswordAndConfirmIt()&amp#27;[0m
[Step] Checked over-18 checkbox.
  &amp#27;[32mAnd &amp#27;[0m&amp#27;[32mI check the over 18 checkbox&amp#27;[0m                         &amp#27;[90m# com.testfm.steps.RegistrationSteps.iCheckTheOver18Checkbox()&amp#27;[0m
[Step] Solved captcha sum: 2
  &amp#27;[32mAnd &amp#27;[0m&amp#27;[32mI solve the math captcha&amp#27;[0m                             &amp#27;[90m# com.testfm.steps.RegistrationSteps.iSolveTheMathCaptcha()&amp#27;[0m
[Step] Clicked Register button.
  &amp#27;[32mAnd &amp#27;[0m&amp#27;[32mI click the Register button&amp#27;[0m                          &amp#27;[90m# com.testfm.steps.RegistrationSteps.iClickTheRegisterButton()&amp#27;[0m
[Step] Redirected to orientation page: https://test-sfup.newyorkcares.org/orientation-status?check_logged_in=1
  &amp#27;[32mThen &amp#27;[0m&amp#27;[32mI should be redirected to the orientation page&amp#27;[0m      &amp#27;[90m# com.testfm.steps.RegistrationSteps.iShouldBeRedirectedToTheOrientationPage()&amp#27;[0m
========================================
[Hook] Scenario: Register a new user successfully
[Hook] Status:   PASSED
========================================

[DriverManager] Edge WebDriver quit.
]]></system-out>
    <system-err><![CDATA[May 05, 2026 10:55:27 PM org.openqa.selenium.devtools.CdpVersionFinder findNearestMatch
WARNING: Unable to find CDP implementation matching 147
May 05, 2026 10:55:27 PM org.openqa.selenium.chromium.ChromiumDriver lambda$new$5
WARNING: Unable to find version of CDP to use for 147.0.3912.98. You may need to include a dependency on a specific version of the CDP using something similar to `org.seleniumhq.selenium:selenium-devtools-v86:4.27.0` where the version ("v86") matches the version of the chromium-based browser you're using and the version number of the artifact is the same as Selenium's.
]]></system-err>
  </testcase>
  <testcase name="Search fulltext and open Prepare Food project" classname="Search volunteer projects on New York Cares" time="0.0">
    <skipped message="&apos;cucumber.filter.tags=@RegisterationPage&apos; did not match this scenario"/>
  </testcase>
  <testcase name="Verify Help Center content from Youth Friendly" classname="Help Center from Youth Friendly" time="0.0">
    <skipped message="&apos;cucumber.filter.tags=@RegisterationPage&apos; did not match this scenario"/>
  </testcase>
  <testcase name="Open a project resource from Resources search" classname="Project Resource" time="0.0">
    <skipped message="&apos;cucumber.filter.tags=@RegisterationPage&apos; did not match this scenario"/>
  </testcase>
  <testcase name="Update account interests, personal info, and additional details" classname="Update Account" time="0.0">
    <skipped message="&apos;cucumber.filter.tags=@RegisterationPage&apos; did not match this scenario"/>
  </testcase>
  <testcase name="Verify Create a family member account page from Youth Friendly" classname="Youth Friendly Family Roster" time="0.0">
    <skipped message="&apos;cucumber.filter.tags=@RegisterationPage&apos; did not match this scenario"/>
  </testcase>
</testsuite>